<?xml version="1.0" encoding="utf-8"?><testsuites name="pytest tests"><testsuite name="pytest" errors="1" failures="0" skipped="0" tests="1" time="0.310" timestamp="2025-12-09T16:45:49.420332-05:00" hostname="DESKTOP-1DEFFLU"><testcase classname="pytest" name="internal" time="0.000"><error message="internal error">Traceback (most recent call last):
  File "C:\Users\jrj6wm\AppData\Local\Programs\Python\Python310\lib\site-packages\_pytest\main.py", line 318, in wrap_session
    session.exitstatus = doit(config, session) or 0
  File "C:\Users\jrj6wm\AppData\Local\Programs\Python\Python310\lib\site-packages\_pytest\main.py", line 371, in _main
    config.hook.pytest_collection(session=session)
  File "C:\Users\jrj6wm\AppData\Local\Programs\Python\Python310\lib\site-packages\pluggy\_hooks.py", line 512, in __call__
    return self._hookexec(self.name, self._hookimpls.copy(), kwargs, firstresult)
  File "C:\Users\jrj6wm\AppData\Local\Programs\Python\Python310\lib\site-packages\pluggy\_manager.py", line 120, in _hookexec
    return self._inner_hookexec(hook_name, methods, kwargs, firstresult)
  File "C:\Users\jrj6wm\AppData\Local\Programs\Python\Python310\lib\site-packages\pluggy\_callers.py", line 167, in _multicall
    raise exception
  File "C:\Users\jrj6wm\AppData\Local\Programs\Python\Python310\lib\site-packages\pluggy\_callers.py", line 139, in _multicall
    teardown.throw(exception)
  File "C:\Users\jrj6wm\AppData\Local\Programs\Python\Python310\lib\site-packages\_pytest\logging.py", line 788, in pytest_collection
    return (yield)
  File "C:\Users\jrj6wm\AppData\Local\Programs\Python\Python310\lib\site-packages\pluggy\_callers.py", line 139, in _multicall
    teardown.throw(exception)
  File "C:\Users\jrj6wm\AppData\Local\Programs\Python\Python310\lib\site-packages\_pytest\warnings.py", line 98, in pytest_collection
    return (yield)
  File "C:\Users\jrj6wm\AppData\Local\Programs\Python\Python310\lib\site-packages\pluggy\_callers.py", line 139, in _multicall
    teardown.throw(exception)
  File "C:\Users\jrj6wm\AppData\Local\Programs\Python\Python310\lib\site-packages\_pytest\config\__init__.py", line 1372, in pytest_collection
    return (yield)
  File "C:\Users\jrj6wm\AppData\Local\Programs\Python\Python310\lib\site-packages\pluggy\_callers.py", line 121, in _multicall
    res = hook_impl.function(*args)
  File "C:\Users\jrj6wm\AppData\Local\Programs\Python\Python310\lib\site-packages\_pytest\main.py", line 382, in pytest_collection
    session.perform_collect()
  File "C:\Users\jrj6wm\AppData\Local\Programs\Python\Python310\lib\site-packages\_pytest\main.py", line 859, in perform_collect
    self.config.pluginmanager.check_pending()
  File "C:\Users\jrj6wm\AppData\Local\Programs\Python\Python310\lib\site-packages\pluggy\_manager.py", line 387, in check_pending
    raise PluginValidationError(
pluggy._manager.PluginValidationError: unknown hook 'pytest_warning_captured' in plugin &lt;module 'pytest_azurepipelines' from 'C:\\Users\\jrj6wm\\AppData\\Local\\Programs\\Python\\Python310\\lib\\site-packages\\pytest_azurepipelines.py'&gt;</error></testcase></testsuite></testsuites>